
Gurobi 12.0.2 (win64) logging started Mon Jun  2 09:56:59 2025

Set parameter LogFile to value "DLRoutput/solar_solve_3.log"

Gurobi 12.0.2 (win64) logging started Mon Jun  2 09:58:33 2025

Set parameter LogFile to value "DLRoutput/solar_solve_3.log"
Gurobi Optimizer version 12.0.2 build v12.0.2rc0 (win64 - Windows 11.0 (26100.2))

CPU model: AMD Ryzen 5 7540U w/ Radeon(TM) 740M Graphics, instruction set [SSE2|AVX|AVX2|AVX512]
Thread count: 6 physical cores, 12 logical processors, using up to 12 threads

Non-default parameters:
LogToConsole  0

Optimize a model with 1638398 rows, 907262 columns and 3103166 nonzeros
Model fingerprint: 0xc9ac4d39
Coefficient statistics:
  Matrix range     [2e-04, 8e+05]
  Objective range  [1e-01, 1e+00]
  Bounds range     [0e+00, 0e+00]
  RHS range        [2e-09, 1e+04]
Presolve removed 1461712 rows and 717880 columns
Presolve time: 4.22s
Presolved: 176686 rows, 189382 columns, 743521 nonzeros

Concurrent LP optimizer: primal simplex, dual simplex, and barrier
Showing barrier log only...

Ordering time: 4.29s

Barrier statistics:
 Free vars  : 2705
 AA' NZ     : 1.296e+06
 Factor NZ  : 3.600e+07 (roughly 400 MB of memory)
 Factor Ops : 3.350e+10 (roughly 1 second per iteration)
 Threads    : 4

                  Objective                Residual
Iter       Primal          Dual         Primal    Dual     Compl     Time
   0   5.70967194e+09  1.45719040e+08  1.80e+06 1.11e+01  1.19e+06    10s
   1   2.57480825e+09  9.94397721e+07  8.21e+05 3.65e+00  5.42e+05    11s
   2   7.99958914e+08  5.67849598e+07  2.53e+05 7.15e-01  1.70e+05    12s
   3   2.05138307e+08  3.33321867e+07  6.46e+04 1.11e-02  4.45e+04    13s
   4   1.15165261e+07  2.76819188e+07  3.62e+03 2.18e-03  2.56e+03    14s
   5   2.83425640e+06  2.18040275e+07  8.88e+02 5.93e-04  6.60e+02    15s
   6   4.01757896e+05  1.41146876e+07  1.23e+02 3.15e-04  1.13e+02    16s
   7   8.40790869e+04  6.69365493e+06  2.34e+01 6.57e-05  2.81e+01    17s
   8   4.02607236e+04  2.53373175e+06  9.26e+00 7.41e-05  9.30e+00    17s
   9   2.60093438e+04  1.15693611e+06  4.43e+00 6.76e-05  3.81e+00    18s
  10   2.10557597e+04  8.51987552e+05  2.65e+00 4.75e-05  2.56e+00    19s
  11   1.80993472e+04  5.37173096e+05  1.48e+00 2.82e-05  1.50e+00    20s
  12   1.66389233e+04  2.22201995e+05  5.87e-01 7.00e-05  5.66e-01    20s
  13   1.80831469e+04  9.30663723e+04  1.74e-01 5.95e-05  1.95e-01    21s
  14   2.10946085e+04  5.45229948e+04  5.40e-02 2.76e-05  8.33e-02    22s
  15   2.23848917e+04  3.37980522e+04  2.79e-02 2.60e-05  2.86e-02    23s
  16   2.30325576e+04  2.99439500e+04  1.56e-02 2.79e-05  1.71e-02    24s
  17   2.32140630e+04  2.74260707e+04  1.21e-02 2.89e-05  1.04e-02    25s
  18   2.34997346e+04  2.63266555e+04  6.67e-03 3.09e-05  6.92e-03    25s
  19   2.36373693e+04  2.53076073e+04  3.92e-03 2.76e-05  4.07e-03    26s
  20   2.37281570e+04  2.47437945e+04  2.03e-03 3.14e-05  2.46e-03    27s
  21   2.37745356e+04  2.44647913e+04  1.08e-03 2.61e-05  1.66e-03    28s
  22   2.37913816e+04  2.41873375e+04  7.62e-04 2.20e-05  9.53e-04    29s
  23   2.38041281e+04  2.40964245e+04  5.46e-04 2.49e-05  7.03e-04    30s
  24   2.38128119e+04  2.40122426e+04  4.03e-04 2.30e-05  4.80e-04    31s
  25   2.38244651e+04  2.39411427e+04  2.16e-04 1.52e-05  2.80e-04    31s
  26   2.38320782e+04  2.39058827e+04  1.04e-04 1.52e-05  1.77e-04    32s
  27   2.38353931e+04  2.38866967e+04  5.87e-05 1.45e-05  1.23e-04    33s
  28   2.38368388e+04  2.38700645e+04  4.04e-05 1.22e-05  7.94e-05    34s
  29   2.38374902e+04  2.38687755e+04  3.26e-05 1.20e-05  7.47e-05    35s
  30   2.38381387e+04  2.38592098e+04  2.49e-05 1.05e-05  5.04e-05    36s
  31   2.38390608e+04  2.38530751e+04  1.47e-05 8.77e-06  3.35e-05    37s
  32   2.38394014e+04  2.38485157e+04  1.10e-05 8.01e-06  2.18e-05    37s
  33   2.38399055e+04  2.38434136e+04  5.61e-06 6.42e-06  8.41e-06    38s
  34   2.38402964e+04  2.38422391e+04  1.82e-06 6.32e-06  4.63e-06    39s
  35   2.38403797e+04  2.38411046e+04  1.03e-06 3.23e-06  1.74e-06    40s
  36   2.38404295e+04  2.38408258e+04  5.87e-07 2.32e-06  9.49e-07    41s
  37   2.38404514e+04  2.38406656e+04  3.99e-07 1.71e-06  5.14e-07    42s
  38   2.38404796e+04  2.38405602e+04  1.83e-07 1.84e-06  1.94e-07    43s
  39   2.38404934e+04  2.38405171e+04  4.77e-08 1.46e-06  5.71e-08    44s
  40   2.38404979e+04  2.38405059e+04  3.00e-08 6.42e-07  1.92e-08    46s
  41   2.38404996e+04  2.38405004e+04  2.92e-08 6.45e-07  1.99e-09    47s
  42   2.38404997e+04  2.38404998e+04  5.71e-08 6.30e-07  2.19e-10    48s

Barrier solved model in 42 iterations and 48.24 seconds (24.84 work units)
Optimal objective 2.38404997e+04

Crossover log...

    8713 DPushes remaining with DInf 0.0000000e+00                49s
    4689 DPushes remaining with DInf 0.0000000e+00                51s
    2236 DPushes remaining with DInf 0.0000000e+00                56s
    1546 DPushes remaining with DInf 0.0000000e+00                60s
     626 DPushes remaining with DInf 0.0000000e+00                66s
       0 DPushes remaining with DInf 0.0000000e+00                71s

   18632 PPushes remaining with PInf 2.4615803e-03                71s
   10756 PPushes remaining with PInf 1.3966975e-03                77s
    8552 PPushes remaining with PInf 2.0400879e-03                80s
    6712 PPushes remaining with PInf 9.6945387e-03                86s
    3968 PPushes remaining with PInf 8.6218457e-04                91s
    1494 PPushes remaining with PInf 2.0031092e-04                95s
       0 PPushes remaining with PInf 1.6012749e-04                99s

  Push phase complete: Pinf 1.6012749e-04, Dinf 4.5780701e+00     99s

Iteration    Objective       Primal Inf.    Dual Inf.      Time
   25590    2.3840498e+04   0.000000e+00   4.578070e+00     99s

Solved with barrier
Extra simplex iterations after uncrush: 60
   25683    2.3840500e+04   0.000000e+00   0.000000e+00    107s

Solved in 25683 iterations and 106.60 seconds (43.28 work units)
Optimal objective  2.384049973e+04

User-callback calls 34776, time in user-callback 0.13 sec
