
Gurobi 12.0.2 (win64) logging started Mon Jun  2 09:53:19 2025

Set parameter LogFile to value "DLRoutput/wind_solve_2.log"

Gurobi 12.0.2 (win64) logging started Mon Jun  2 09:54:33 2025

Set parameter LogFile to value "DLRoutput/wind_solve_2.log"
Gurobi Optimizer version 12.0.2 build v12.0.2rc0 (win64 - Windows 11.0 (26100.2))

CPU model: AMD Ryzen 5 7540U w/ Radeon(TM) 740M Graphics, instruction set [SSE2|AVX|AVX2|AVX512]
Thread count: 6 physical cores, 12 logical processors, using up to 12 threads

Non-default parameters:
LogToConsole  0

Optimize a model with 1617302 rows, 907262 columns and 3082070 nonzeros
Model fingerprint: 0x28899cf3
Coefficient statistics:
  Matrix range     [3e-01, 8e+05]
  Objective range  [1e-01, 1e+00]
  Bounds range     [0e+00, 0e+00]
  RHS range        [4e-09, 1e+04]
Presolve removed 1468189 rows and 741039 columns
Presolve time: 3.50s
Presolved: 149113 rows, 166223 columns, 664227 nonzeros

Concurrent LP optimizer: primal simplex, dual simplex, and barrier
Showing barrier log only...

Ordering time: 2.23s
Elapsed ordering time = 5s
Ordering time: 5.97s

Barrier statistics:
 Dense cols : 116
 Free vars  : 2429
 AA' NZ     : 1.022e+06
 Factor NZ  : 2.426e+07 (roughly 300 MB of memory)
 Factor Ops : 2.560e+10 (less than 1 second per iteration)
 Threads    : 4

                  Objective                Residual
Iter       Primal          Dual         Primal    Dual     Compl     Time
   0   1.21696889e+09  3.12809413e+07  6.62e+05 3.82e+00  3.72e+05    10s
   1   7.62013567e+08  2.58402468e+07  3.96e+05 1.12e+00  2.21e+05    11s
   2   2.21661514e+08  1.87248362e+07  1.13e+05 9.90e-02  6.55e+04    11s
   3   1.51339640e+07  1.47357425e+07  7.71e+03 3.86e-03  4.56e+03    12s
   4   1.07809884e+06  1.21473908e+07  5.42e+02 8.75e-04  3.49e+02    12s
   5   2.47018270e+05  8.19277137e+06  1.18e+02 2.34e-04  8.76e+01    13s
   6   8.20410807e+04  4.82422827e+06  3.41e+01 7.18e-05  2.94e+01    13s
   7   4.41813262e+04  2.79873380e+06  1.50e+01 3.57e-05  1.32e+01    13s
   8   2.92899985e+04  1.45804881e+06  7.86e+00 4.16e-05  6.17e+00    14s
   9   1.72906940e+04  7.81477746e+05  2.78e+00 5.47e-05  2.74e+00    14s
  10   1.22036876e+04  2.36760613e+05  1.06e+00 5.44e-05  7.74e-01    15s
  11   1.07027079e+04  6.68361299e+04  2.23e-01 5.68e-05  1.76e-01    15s
  12   1.10946277e+04  2.78257244e+04  5.67e-02 2.07e-05  4.93e-02    16s
  13   1.13570126e+04  1.93430897e+04  3.00e-02 2.05e-05  2.33e-02    17s
  14   1.15895436e+04  1.51718422e+04  1.23e-02 3.63e-05  1.03e-02    17s
  15   1.16895713e+04  1.32290846e+04  6.70e-03 3.54e-05  4.45e-03    18s
  16   1.17538586e+04  1.24879197e+04  3.24e-03 3.07e-05  2.12e-03    18s
  17   1.17808853e+04  1.21844641e+04  2.03e-03 3.42e-05  1.17e-03    19s
  18   1.18007081e+04  1.20290055e+04  1.15e-03 2.36e-05  6.60e-04    20s
  19   1.18081699e+04  1.19867027e+04  8.22e-04 2.01e-05  5.14e-04    20s
  20   1.18130247e+04  1.19391787e+04  6.06e-04 1.78e-05  3.64e-04    21s
  21   1.18186486e+04  1.19042401e+04  3.80e-04 1.83e-05  2.46e-04    21s
  22   1.18215181e+04  1.18824671e+04  2.57e-04 1.43e-05  1.75e-04    22s
  23   1.18236266e+04  1.18624558e+04  1.69e-04 2.01e-05  1.12e-04    22s
  24   1.18250620e+04  1.18523890e+04  1.14e-04 1.86e-05  7.86e-05    23s
  25   1.18259489e+04  1.18458763e+04  8.20e-05 2.45e-05  5.73e-05    24s
  26   1.18265938e+04  1.18430409e+04  5.79e-05 2.09e-05  4.71e-05    24s
  27   1.18268613e+04  1.18414559e+04  4.81e-05 1.91e-05  4.18e-05    25s
  28   1.18273329e+04  1.18384116e+04  3.18e-05 2.01e-05  3.17e-05    25s
  29   1.18276276e+04  1.18351005e+04  2.24e-05 1.74e-05  2.14e-05    26s
  30   1.18279222e+04  1.18325535e+04  1.34e-05 1.83e-05  1.33e-05    27s
  31   1.18280811e+04  1.18309473e+04  9.28e-06 1.42e-05  8.28e-06    27s
  32   1.18281888e+04  1.18303612e+04  6.60e-06 1.17e-05  6.29e-06    28s
  33   1.18282352e+04  1.18300518e+04  5.50e-06 9.92e-06  5.28e-06    29s
  34   1.18282629e+04  1.18297545e+04  4.88e-06 8.55e-06  4.35e-06    29s
  35   1.18283306e+04  1.18293697e+04  3.33e-06 5.83e-06  3.04e-06    30s
  36   1.18283739e+04  1.18291376e+04  2.34e-06 4.32e-06  2.24e-06    31s
  37   1.18284147e+04  1.18289872e+04  1.41e-06 3.39e-06  1.68e-06    32s
  38   1.18284373e+04  1.18287817e+04  8.95e-07 2.56e-06  1.01e-06    33s
  39   1.18284470e+04  1.18287060e+04  6.87e-07 2.37e-06  7.60e-07    34s
  40   1.18284556e+04  1.18286159e+04  5.11e-07 2.06e-06  4.72e-07    35s
  41   1.18284613e+04  1.18285832e+04  4.01e-07 1.85e-06  3.60e-07    36s
  42   1.18284704e+04  1.18285432e+04  2.26e-07 1.55e-06  2.15e-07    37s
  43   1.18284755e+04  1.18285174e+04  1.30e-07 1.30e-06  1.24e-07    38s
  44   1.18284781e+04  1.18285086e+04  8.43e-08 1.36e-06  9.03e-08    39s
  45   1.18284796e+04  1.18285011e+04  5.84e-08 1.41e-06  6.40e-08    40s
  46   1.18284807e+04  1.18284976e+04  4.03e-08 1.41e-06  5.07e-08    41s
  47   1.18284808e+04  1.18284953e+04  3.75e-08 1.41e-06  4.34e-08    42s
  48   1.18284818e+04  1.18284924e+04  2.12e-08 1.37e-06  3.18e-08    43s
  49   1.18284821e+04  1.18284874e+04  1.72e-08 1.44e-06  1.63e-08    44s
  50   1.18284827e+04  1.18284861e+04  3.39e-08 1.45e-06  1.08e-08    45s
  51   1.18284828e+04  1.18284850e+04  2.94e-08 1.49e-06  7.41e-09    46s
  52   1.18284828e+04  1.18284849e+04  2.86e-08 1.49e-06  6.78e-09    47s
  53   1.18284829e+04  1.18284847e+04  2.47e-08 1.48e-06  6.18e-09    48s
  54   1.18284831e+04  1.18284841e+04  1.61e-08 1.50e-06  3.91e-09    49s
  55   1.18284832e+04  1.18284840e+04  1.25e-08 1.50e-06  3.33e-09    50s
  56   1.18284833e+04  1.18284834e+04  8.53e-09 1.40e-06  1.11e-09    51s
  57   1.18284835e+04  1.18284833e+04  3.62e-09 1.33e-06  4.41e-10    51s
  58   1.18284835e+04  1.18284833e+04  1.72e-09 1.30e-06  2.74e-10    52s
  59   1.18284836e+04  1.18284833e+04  3.50e-09 1.30e-06  1.83e-10    53s
  60   1.18284836e+04  1.18284833e+04  3.15e-09 1.28e-06  1.44e-10    53s
  61   1.18284836e+04  1.18284833e+04  3.12e-09 1.28e-06  1.42e-10    54s
  62   1.18284836e+04  1.18284833e+04  2.39e-09 1.26e-06  1.02e-10    55s
  63   1.18284836e+04  1.18284832e+04  2.23e-09 1.25e-06  9.01e-11    56s
  64   1.18284836e+04  1.18284832e+04  2.01e-09 1.22e-06  7.64e-11    57s
  65   1.18284837e+04  1.18284832e+04  1.89e-09 1.51e-06  4.05e-11    58s
  66   1.18284837e+04  1.18284832e+04  1.80e-09 1.60e-06  3.21e-11    58s
  67   1.18284837e+04  1.18284833e+04  2.61e-09 1.68e-06  2.30e-11    59s
  68   1.18284837e+04  1.18284833e+04  2.51e-09 1.68e-06  2.27e-11    60s
  69   1.18284837e+04  1.18284833e+04  8.69e-09 1.69e-06  2.04e-11    61s
  70   1.18284837e+04  1.18284833e+04  5.74e-09 1.71e-06  1.47e-11    62s
  71   1.18284837e+04  1.18284833e+04  5.26e-09 1.69e-06  1.18e-11    63s
  72   1.18284837e+04  1.18284833e+04  4.31e-09 1.66e-06  1.01e-11    63s
  73   1.18284837e+04  1.18284833e+04  4.15e-09 1.60e-06  9.39e-12    64s
  74   1.18284838e+04  1.18284833e+04  3.18e-09 1.57e-06  7.93e-12    65s
  75   1.18284838e+04  1.18284833e+04  2.60e-09 1.57e-06  7.35e-12    66s

Barrier solved model in 75 iterations and 66.07 seconds (44.44 work units)
Optimal objective 1.18284837e+04

Crossover log...

    3997 DPushes remaining with DInf 1.0050616e-05                67s
    1934 DPushes remaining with DInf 1.0090676e-05                71s
     603 DPushes remaining with DInf 9.3080589e-06                76s
       0 DPushes remaining with DInf 9.3674329e-06                79s

   20117 PPushes remaining with PInf 7.7399163e-01                79s
   16764 PPushes remaining with PInf 6.1860893e-01                81s
   12572 PPushes remaining with PInf 3.6835089e-01                85s
   10213 PPushes remaining with PInf 3.9402248e-01                91s
    7116 PPushes remaining with PInf 2.9746515e-01                97s
    4946 PPushes remaining with PInf 1.9810039e-01               100s
    2383 PPushes remaining with PInf 4.8317661e-02               106s
     626 PPushes remaining with PInf 1.0873659e-02               111s
       1 PPushes remaining with PInf 1.0832122e-02               114s

  Push phase complete: Pinf 1.0832122e-02, Dinf 1.0781463e+00    114s

Iteration    Objective       Primal Inf.    Dual Inf.      Time
   23890    1.1828484e+04   0.000000e+00   1.078146e+00    114s
   24268    1.1828485e+04   0.000000e+00   3.794045e-02    116s
   24820    1.1828487e+04   1.078907e-02   0.000000e+00    120s

Solved with barrier
   25451    1.1828487e+04   0.000000e+00   3.500805e-02    128s
   25724    1.1828487e+04   0.000000e+00   1.070530e-06    133s
Extra simplex iterations after uncrush: 1
   25725    1.1828487e+04   0.000000e+00   0.000000e+00    134s

Solved in 25725 iterations and 133.89 seconds (68.05 work units)
Optimal objective  1.182848718e+04

User-callback calls 34291, time in user-callback 0.17 sec
